<?xml version="1.0" encoding="UTF-8"?>
<!-- Generated by org.testng.reporters.JUnitReportReporter -->
<testsuite hostname="KAUSTABH" failures="0" tests="1" name="Practise.Practice1Test" time="0.012" errors="0" timestamp="2023-08-30T10:05:00 IST" skipped="0">
  <testcase classname="Practise.Practice1Test" name="d1" time="0.012"/>
  <system-out/>
</testsuite> <!-- Practise.Practice1Test -->
