<?xml version="1.0" encoding="UTF-8"?>
<!-- Generated by org.testng.reporters.JUnitReportReporter -->
<testsuite hostname="KAUSTABH" failures="0" tests="1" name="Practise.Demo1" time="0.006" errors="0" timestamp="2023-08-29T19:11:30 IST" skipped="0">
  <testcase classname="Practise.Demo1" name="d1" time="0.006"/>
  <system-out/>
</testsuite> <!-- Practise.Demo1 -->
